2025-04-20 17:14:20,150 INFO o.a.j.u.JMeterUtils: Setting Locale to en_EN
2025-04-20 17:14:20,164 INFO o.a.j.JMeter: Loading user properties from: /opt/homebrew/Cellar/jmeter/5.6.3/libexec/bin/user.properties
2025-04-20 17:14:20,164 INFO o.a.j.JMeter: Loading system properties from: /opt/homebrew/Cellar/jmeter/5.6.3/libexec/bin/system.properties
2025-04-20 17:14:20,167 INFO o.a.j.JMeter: Copyright (c) 1998-2024 The Apache Software Foundation
2025-04-20 17:14:20,167 INFO o.a.j.JMeter: Version 5.6.3
2025-04-20 17:14:20,167 INFO o.a.j.JMeter: java.version=21.0.7
2025-04-20 17:14:20,167 INFO o.a.j.JMeter: java.vm.name=OpenJDK 64-Bit Server VM
2025-04-20 17:14:20,167 INFO o.a.j.JMeter: os.name=Mac OS X
2025-04-20 17:14:20,167 INFO o.a.j.JMeter: os.arch=aarch64
2025-04-20 17:14:20,167 INFO o.a.j.JMeter: os.version=15.3.2
2025-04-20 17:14:20,167 INFO o.a.j.JMeter: file.encoding=UTF-8
2025-04-20 17:14:20,167 INFO o.a.j.JMeter: java.awt.headless=null
2025-04-20 17:14:20,167 INFO o.a.j.JMeter: Max memory     =1073741824
2025-04-20 17:14:20,167 INFO o.a.j.JMeter: Available Processors =10
2025-04-20 17:14:20,172 INFO o.a.j.JMeter: Default Locale=English (EN)
2025-04-20 17:14:20,172 INFO o.a.j.JMeter: JMeter  Locale=English (EN)
2025-04-20 17:14:20,172 INFO o.a.j.JMeter: JMeterHome=/opt/homebrew/Cellar/jmeter/5.6.3/libexec
2025-04-20 17:14:20,172 INFO o.a.j.JMeter: user.dir  =/Users/anhnon/CODE/DomiCare_Website/DOMICARE-BACKEND
2025-04-20 17:14:20,172 INFO o.a.j.JMeter: PWD       =/Users/anhnon/CODE/DomiCare_Website/DOMICARE-BACKEND
2025-04-20 17:14:20,179 INFO o.a.j.JMeter: IP: 192.168.100.196 Name: Mac.lan FullName: mac.lan
2025-04-20 17:14:20,185 INFO o.a.j.JMeter: Loaded icon properties from org/apache/jmeter/images/icon.properties
2025-04-20 17:14:20,919 INFO o.a.j.JMeterGuiLauncher: Setting LAF to: com.github.weisj.darklaf.DarkLaf:com.github.weisj.darklaf.theme.DarculaTheme
2025-04-20 17:14:21,961 INFO o.a.j.r.ClassFinder: Will scan jar /opt/homebrew/Cellar/jmeter/5.6.3/libexec/lib/ext/jmeter-plugins-manager-1.9.jar with filter ExtendsClassFilter [parents=[interface org.apache.jmeter.gui.action.Command], inner=false, contains=null, notContains=null]. Consider exposing JMeter plugins via META-INF/services, and add JMeter-Skip-Class-Scanning=true manifest attribute so JMeter can skip classfile scanning
2025-04-20 17:14:22,024 INFO o.a.j.r.ClassFinder: Will scan jar /opt/homebrew/Cellar/jmeter/5.6.3/libexec/lib/ext/jmeter-plugins-manager-1.9.jar with filter ExtendsClassFilter [parents=[interface org.apache.jmeter.gui.plugin.MenuCreator], inner=false, contains=null, notContains=null]. Consider exposing JMeter plugins via META-INF/services, and add JMeter-Skip-Class-Scanning=true manifest attribute so JMeter can skip classfile scanning
2025-04-20 17:14:22,080 INFO o.j.r.JARSourceHTTP: Requesting https://jmeter-plugins.org/repo/?installID=mac_os_x-127221466c399adcadb06a27e11faf3c-gui
2025-04-20 17:14:24,399 INFO o.j.r.PluginManager: Plugins Status: [jpgc-plugins-manager=1.9, jmeter-core=5.6.3, jmeter-ftp=5.6.3, jmeter-http=5.6.3, jmeter-jdbc=5.6.3, jmeter-jms=5.6.3, jmeter-junit=5.6.3, jmeter-java=5.6.3, jmeter-ldap=5.6.3, jmeter-mail=5.6.3, jmeter-mongodb=5.6.3, jmeter-native=5.6.3, jmeter-tcp=5.6.3, jmeter-components=5.6.3]
2025-04-20 17:14:24,399 INFO o.j.r.PluginManagerMenuItem: Plugins Manager has upgrades: [jpgc-plugins-manager]
2025-04-20 17:15:35,063 INFO o.a.j.s.FileServer: Default base='/Users/anhnon/CODE/DomiCare_Website/DOMICARE-BACKEND'
2025-04-20 17:15:35,065 INFO o.a.j.s.FileServer: Set new base='/Users/anhnon/CODE/DomiCare_Website/DOMICARE-BACKEND/postman-tests'
2025-04-20 17:15:35,175 INFO o.a.j.s.SaveService: Testplan (JMX) version: 2.2. Testlog (JTL) version: 2.2
2025-04-20 17:15:35,178 INFO o.a.j.s.SaveService: Using SaveService properties version 5.0
2025-04-20 17:15:35,179 INFO o.a.j.s.SaveService: Using SaveService properties file encoding UTF-8
2025-04-20 17:15:35,189 INFO o.a.j.e.StandardJMeterEngine: Running the test!
2025-04-20 17:15:35,189 INFO o.a.j.s.SampleEvent: List of sample_variables: []
2025-04-20 17:15:35,189 INFO o.a.j.s.SampleEvent: List of sample_variables: []
2025-04-20 17:15:35,190 INFO o.a.j.e.u.CompoundVariable: Note: Function class names must contain the string: '.functions.'
2025-04-20 17:15:35,190 INFO o.a.j.e.u.CompoundVariable: Note: Function class names must not contain the string: '.gui.'
2025-04-20 17:15:35,215 INFO o.a.j.r.ClassFinder: Will scan jar /opt/homebrew/Cellar/jmeter/5.6.3/libexec/lib/ext/jmeter-plugins-manager-1.9.jar with filter ExtendsClassFilter [parents=[interface org.apache.jmeter.functions.Function], inner=false, contains=null, notContains=null]. Consider exposing JMeter plugins via META-INF/services, and add JMeter-Skip-Class-Scanning=true manifest attribute so JMeter can skip classfile scanning
2025-04-20 17:15:35,219 INFO o.a.j.g.u.JMeterMenuBar: setRunning(true, *local*)
2025-04-20 17:15:35,255 INFO o.a.j.e.StandardJMeterEngine: No enabled thread groups found
2025-04-20 17:15:35,256 INFO o.a.j.e.StandardJMeterEngine: Notifying test listeners of end of test
2025-04-20 17:15:35,256 INFO o.a.j.g.u.JMeterMenuBar: setRunning(false, *local*)
2025-04-20 17:15:40,042 INFO o.a.j.e.StandardJMeterEngine: Running the test!
2025-04-20 17:15:40,043 INFO o.a.j.s.SampleEvent: List of sample_variables: []
2025-04-20 17:15:40,043 INFO o.a.j.g.u.JMeterMenuBar: setRunning(true, *local*)
2025-04-20 17:15:40,076 INFO o.a.j.e.StandardJMeterEngine: No enabled thread groups found
2025-04-20 17:15:40,076 INFO o.a.j.e.StandardJMeterEngine: Notifying test listeners of end of test
2025-04-20 17:15:40,076 INFO o.a.j.g.u.JMeterMenuBar: setRunning(false, *local*)
