2025-06-07 00:10:09.992 [main] INFO  c.b.domicare.DomicareApplication - Starting DomicareApplication using Java 17.0.15 with PID 48878 (/Users/anhnon/CODE/DomiCare_Website/DOMICARE-BACKEND/target/classes started by anhnon in /Users/anhnon/CODE/DomiCare_Website/DOMICARE-BACKEND)
2025-06-07 00:10:09.995 [main] DEBUG c.b.domicare.DomicareApplication - Running with Spring Boot v3.4.4, Spring v6.2.5
2025-06-07 00:10:09.995 [main] INFO  c.b.domicare.DomicareApplication - The following 1 profile is active: "prod"
2025-06-07 00:10:10.635 [main] INFO  o.s.d.r.c.RepositoryConfigurationDelegate - Bootstrapping Spring Data JPA repositories in DEFAULT mode.
2025-06-07 00:10:10.680 [main] INFO  o.s.d.r.c.RepositoryConfigurationDelegate - Finished Spring Data repository scanning in 40 ms. Found 9 JPA repository interfaces.
2025-06-07 00:10:11.090 [main] INFO  o.s.b.w.e.tomcat.TomcatWebServer - Tomcat initialized with port 8080 (http)
2025-06-07 00:10:11.095 [main] INFO  o.a.catalina.core.StandardService - Starting service [Tomcat]
2025-06-07 00:10:11.095 [main] INFO  o.a.catalina.core.StandardEngine - Starting Servlet engine: [Apache Tomcat/10.1.39]
2025-06-07 00:10:11.128 [main] INFO  o.a.c.c.C.[Tomcat].[localhost].[/] - Initializing Spring embedded WebApplicationContext
2025-06-07 00:10:11.129 [main] INFO  o.s.b.w.s.c.ServletWebServerApplicationContext - Root WebApplicationContext: initialization completed in 1115 ms
2025-06-07 00:10:11.315 [main] INFO  o.h.jpa.internal.util.LogHelper - HHH000204: Processing PersistenceUnitInfo [name: default]
2025-06-07 00:10:11.343 [main] INFO  org.hibernate.Version - HHH000412: Hibernate ORM core version 6.6.11.Final
2025-06-07 00:10:11.358 [main] INFO  o.h.c.i.RegionFactoryInitiator - HHH000026: Second-level cache disabled
2025-06-07 00:10:11.469 [main] INFO  o.s.o.j.p.SpringPersistenceUnitInfo - No LoadTimeWeaver setup: ignoring JPA class transformer
2025-06-07 00:10:11.483 [main] INFO  com.zaxxer.hikari.HikariDataSource - HikariPool-1 - Starting...
2025-06-07 00:10:12.187 [main] INFO  com.zaxxer.hikari.pool.HikariPool - HikariPool-1 - Added connection org.postgresql.jdbc.PgConnection@2a9e7b4d
2025-06-07 00:10:12.187 [main] INFO  com.zaxxer.hikari.HikariDataSource - HikariPool-1 - Start completed.
2025-06-07 00:10:12.420 [main] INFO  o.hibernate.orm.connections.pooling - HHH10001005: Database info:
	Database JDBC URL [Connecting through datasource 'HikariDataSource (HikariPool-1)']
	Database driver: undefined/unknown
	Database version: 16.8
	Autocommit mode: undefined/unknown
	Isolation level: undefined/unknown
	Minimum pool size: undefined/unknown
	Maximum pool size: undefined/unknown
2025-06-07 00:10:12.909 [main] INFO  o.h.e.t.j.p.i.JtaPlatformInitiator - HHH000489: No JTA platform available (set 'hibernate.transaction.jta.platform' to enable JTA platform integration)
2025-06-07 00:10:15.626 [main] INFO  o.s.o.j.LocalContainerEntityManagerFactoryBean - Initialized JPA EntityManagerFactory for persistence unit 'default'
2025-06-07 00:10:15.879 [main] INFO  o.s.d.j.r.query.QueryEnhancerFactory - Hibernate is in classpath; If applicable, HQL parser will be used.
2025-06-07 00:10:16.555 [main] INFO  c.b.d.c.WebSocketConfiguration - Configuring message broker with topic prefix: /topic
2025-06-07 00:10:16.621 [main] INFO  o.s.s.c.a.a.c.InitializeUserDetailsBeanManagerConfigurer$InitializeUserDetailsManagerConfigurer - Global AuthenticationManager configured with UserDetailsService bean with name userDetailsService
2025-06-07 00:10:16.824 [main] DEBUG c.b.d.c.SecurityConfiguration - Configuring public endpoint security chain
2025-06-07 00:10:16.839 [main] INFO  c.b.d.c.WebSocketConfiguration - Registering STOMP endpoints at /ws
2025-06-07 00:10:16.888 [main] INFO  c.b.d.c.CorsConfiguration - CORS configuration applied for allowed origins
2025-06-07 00:10:17.087 [main] INFO  o.s.b.a.e.web.EndpointLinksResolver - Exposing 1 endpoint beneath base path '/actuator'
2025-06-07 00:10:17.128 [main] DEBUG c.b.d.c.SecurityConfiguration - Configuring main security filter chain
2025-06-07 00:10:17.489 [main] INFO  o.s.m.s.b.SimpleBrokerMessageHandler - Starting...
2025-06-07 00:10:17.489 [main] INFO  o.s.m.s.b.SimpleBrokerMessageHandler - BrokerAvailabilityEvent[available=true, SimpleBrokerMessageHandler [org.springframework.messaging.simp.broker.DefaultSubscriptionRegistry@c6c4509]]
2025-06-07 00:10:17.490 [main] INFO  o.s.m.s.b.SimpleBrokerMessageHandler - Started.
2025-06-07 00:10:17.495 [main] INFO  o.s.b.w.e.tomcat.TomcatWebServer - Tomcat started on port 8080 (http) with context path '/'
2025-06-07 00:10:17.505 [main] INFO  c.b.domicare.DomicareApplication - Started DomicareApplication in 7.804 seconds (process running for 9.799)
2025-06-07 00:10:19.420 [RMI TCP Connection(3)-127.0.0.1] INFO  o.a.c.c.C.[Tomcat].[localhost].[/] - Initializing Spring DispatcherServlet 'dispatcherServlet'
2025-06-07 00:10:19.420 [RMI TCP Connection(3)-127.0.0.1] INFO  o.s.web.servlet.DispatcherServlet - Initializing Servlet 'dispatcherServlet'
2025-06-07 00:10:19.421 [RMI TCP Connection(3)-127.0.0.1] INFO  o.s.web.servlet.DispatcherServlet - Completed initialization in 1 ms
2025-06-07 00:10:24.281 [http-nio-8080-exec-7] INFO  o.s.api.AbstractOpenApiResource - Init duration for springdoc-openapi is: 498 ms
2025-06-07 00:11:12.387 [SpringApplicationShutdownHook] INFO  o.s.b.w.e.tomcat.GracefulShutdown - Commencing graceful shutdown. Waiting for active requests to complete
2025-06-07 00:11:14.399 [tomcat-shutdown] INFO  o.s.b.w.e.tomcat.GracefulShutdown - Graceful shutdown complete
2025-06-07 00:11:14.405 [SpringApplicationShutdownHook] INFO  o.s.m.s.b.SimpleBrokerMessageHandler - Stopping...
2025-06-07 00:11:14.406 [SpringApplicationShutdownHook] INFO  o.s.m.s.b.SimpleBrokerMessageHandler - BrokerAvailabilityEvent[available=false, SimpleBrokerMessageHandler [org.springframework.messaging.simp.broker.DefaultSubscriptionRegistry@c6c4509]]
2025-06-07 00:11:14.406 [SpringApplicationShutdownHook] INFO  o.s.m.s.b.SimpleBrokerMessageHandler - Stopped.
2025-06-07 00:11:14.424 [SpringApplicationShutdownHook] INFO  o.s.o.j.LocalContainerEntityManagerFactoryBean - Closing JPA EntityManagerFactory for persistence unit 'default'
2025-06-07 00:11:14.429 [SpringApplicationShutdownHook] INFO  com.zaxxer.hikari.HikariDataSource - HikariPool-1 - Shutdown initiated...
2025-06-07 00:11:14.875 [SpringApplicationShutdownHook] INFO  com.zaxxer.hikari.HikariDataSource - HikariPool-1 - Shutdown completed.
2025-06-07 13:44:30.566 [main] INFO  c.b.domicare.DomicareApplication - Starting DomicareApplication using Java 17.0.15 with PID 61826 (/Users/anhnon/CODE/DomiCare_Website/DOMICARE-BACKEND/target/classes started by anhnon in /Users/anhnon/CODE/DomiCare_Website/DOMICARE-BACKEND)
2025-06-07 13:44:30.568 [main] DEBUG c.b.domicare.DomicareApplication - Running with Spring Boot v3.4.4, Spring v6.2.5
2025-06-07 13:44:30.568 [main] INFO  c.b.domicare.DomicareApplication - The following 1 profile is active: "prod"
2025-06-07 13:44:31.223 [main] INFO  o.s.d.r.c.RepositoryConfigurationDelegate - Bootstrapping Spring Data JPA repositories in DEFAULT mode.
2025-06-07 13:44:31.266 [main] INFO  o.s.d.r.c.RepositoryConfigurationDelegate - Finished Spring Data repository scanning in 38 ms. Found 9 JPA repository interfaces.
2025-06-07 13:44:31.694 [main] INFO  o.s.b.w.e.tomcat.TomcatWebServer - Tomcat initialized with port 8080 (http)
2025-06-07 13:44:31.700 [main] INFO  o.a.catalina.core.StandardService - Starting service [Tomcat]
2025-06-07 13:44:31.700 [main] INFO  o.a.catalina.core.StandardEngine - Starting Servlet engine: [Apache Tomcat/10.1.39]
2025-06-07 13:44:31.725 [main] INFO  o.a.c.c.C.[Tomcat].[localhost].[/] - Initializing Spring embedded WebApplicationContext
2025-06-07 13:44:31.725 [main] INFO  o.s.b.w.s.c.ServletWebServerApplicationContext - Root WebApplicationContext: initialization completed in 1138 ms
2025-06-07 13:44:31.912 [main] INFO  o.h.jpa.internal.util.LogHelper - HHH000204: Processing PersistenceUnitInfo [name: default]
2025-06-07 13:44:31.939 [main] INFO  org.hibernate.Version - HHH000412: Hibernate ORM core version 6.6.11.Final
2025-06-07 13:44:31.956 [main] INFO  o.h.c.i.RegionFactoryInitiator - HHH000026: Second-level cache disabled
2025-06-07 13:44:32.072 [main] INFO  o.s.o.j.p.SpringPersistenceUnitInfo - No LoadTimeWeaver setup: ignoring JPA class transformer
2025-06-07 13:44:32.086 [main] INFO  com.zaxxer.hikari.HikariDataSource - HikariPool-1 - Starting...
2025-06-07 13:44:36.675 [main] INFO  com.zaxxer.hikari.pool.HikariPool - HikariPool-1 - Added connection org.postgresql.jdbc.PgConnection@3163e03b
2025-06-07 13:44:36.677 [main] INFO  com.zaxxer.hikari.HikariDataSource - HikariPool-1 - Start completed.
2025-06-07 13:44:36.869 [main] INFO  o.hibernate.orm.connections.pooling - HHH10001005: Database info:
	Database JDBC URL [Connecting through datasource 'HikariDataSource (HikariPool-1)']
	Database driver: undefined/unknown
	Database version: 16.8
	Autocommit mode: undefined/unknown
	Isolation level: undefined/unknown
	Minimum pool size: undefined/unknown
	Maximum pool size: undefined/unknown
2025-06-07 13:44:37.431 [main] INFO  o.h.e.t.j.p.i.JtaPlatformInitiator - HHH000489: No JTA platform available (set 'hibernate.transaction.jta.platform' to enable JTA platform integration)
2025-06-07 13:44:39.582 [main] INFO  o.s.o.j.LocalContainerEntityManagerFactoryBean - Initialized JPA EntityManagerFactory for persistence unit 'default'
2025-06-07 13:44:39.847 [main] INFO  o.s.d.j.r.query.QueryEnhancerFactory - Hibernate is in classpath; If applicable, HQL parser will be used.
2025-06-07 13:44:40.509 [main] INFO  c.b.d.c.WebSocketConfiguration - Configuring message broker with topic prefix: /topic
2025-06-07 13:44:40.595 [main] INFO  o.s.s.c.a.a.c.InitializeUserDetailsBeanManagerConfigurer$InitializeUserDetailsManagerConfigurer - Global AuthenticationManager configured with UserDetailsService bean with name userDetailsService
2025-06-07 13:44:40.844 [main] DEBUG c.b.d.c.SecurityConfiguration - Configuring public endpoint security chain
2025-06-07 13:44:40.857 [main] INFO  c.b.d.c.WebSocketConfiguration - Registering STOMP endpoints at /ws
2025-06-07 13:44:40.918 [main] INFO  c.b.d.c.CorsConfiguration - CORS configuration applied for allowed origins
2025-06-07 13:44:41.115 [main] INFO  o.s.b.a.e.web.EndpointLinksResolver - Exposing 1 endpoint beneath base path '/actuator'
2025-06-07 13:44:41.157 [main] DEBUG c.b.d.c.SecurityConfiguration - Configuring main security filter chain
2025-06-07 13:44:41.518 [main] INFO  o.s.m.s.b.SimpleBrokerMessageHandler - Starting...
2025-06-07 13:44:41.519 [main] INFO  o.s.m.s.b.SimpleBrokerMessageHandler - BrokerAvailabilityEvent[available=true, SimpleBrokerMessageHandler [org.springframework.messaging.simp.broker.DefaultSubscriptionRegistry@71f9c7b]]
2025-06-07 13:44:41.519 [main] INFO  o.s.m.s.b.SimpleBrokerMessageHandler - Started.
2025-06-07 13:44:41.531 [main] INFO  o.s.b.w.e.tomcat.TomcatWebServer - Tomcat started on port 8080 (http) with context path '/'
2025-06-07 13:44:41.542 [main] INFO  c.b.domicare.DomicareApplication - Started DomicareApplication in 11.187 seconds (process running for 11.584)
2025-06-07 13:44:42.726 [RMI TCP Connection(2)-127.0.0.1] INFO  o.a.c.c.C.[Tomcat].[localhost].[/] - Initializing Spring DispatcherServlet 'dispatcherServlet'
2025-06-07 13:44:42.726 [RMI TCP Connection(2)-127.0.0.1] INFO  o.s.web.servlet.DispatcherServlet - Initializing Servlet 'dispatcherServlet'
2025-06-07 13:44:42.727 [RMI TCP Connection(2)-127.0.0.1] INFO  o.s.web.servlet.DispatcherServlet - Completed initialization in 1 ms
2025-06-07 13:44:54.947 [http-nio-8080-exec-3] INFO  c.b.d.security.jwt.JwtTokenService - [JWT] Login attempt for email: anhnon0106@gmail.com
2025-06-07 13:44:55.046 [http-nio-8080-exec-3] DEBUG c.b.d.service.imp.UserServiceImp - [User] Finding user by email: anhnon0106@gmail.com
2025-06-07 13:44:55.223 [http-nio-8080-exec-3] DEBUG c.b.d.service.imp.UserServiceImp - [User] User found with ID: 1
2025-06-07 13:44:55.346 [http-nio-8080-exec-3] DEBUG c.b.d.service.imp.UserServiceImp - [User] Finding user by email: anhnon0106@gmail.com
2025-06-07 13:44:55.388 [http-nio-8080-exec-3] DEBUG c.b.d.service.imp.UserServiceImp - [User] User found with ID: 1
2025-06-07 13:44:55.388 [http-nio-8080-exec-3] DEBUG c.b.d.security.jwt.JwtTokenManager - [JWT] Creating access token for user anhnon0106@gmail.com
2025-06-07 13:44:55.412 [http-nio-8080-exec-3] DEBUG c.b.d.service.imp.UserServiceImp - [User] Finding user by email: anhnon0106@gmail.com
2025-06-07 13:44:55.446 [http-nio-8080-exec-3] DEBUG c.b.d.service.imp.UserServiceImp - [User] User found with ID: 1
2025-06-07 13:44:55.488 [http-nio-8080-exec-3] DEBUG c.b.d.security.jwt.JwtTokenManager - [JWT] Deleted existing refresh tokens for user anhnon0106@gmail.com
2025-06-07 13:44:55.535 [http-nio-8080-exec-3] DEBUG c.b.d.security.jwt.JwtTokenManager - [JWT] Created refresh token for user anhnon0106@gmail.com
2025-06-07 13:44:55.535 [http-nio-8080-exec-3] DEBUG c.b.d.service.imp.UserServiceImp - [User] Finding user by email: anhnon0106@gmail.com
2025-06-07 13:44:55.569 [http-nio-8080-exec-3] DEBUG c.b.d.service.imp.UserServiceImp - [User] User found with ID: 1
2025-06-07 13:44:55.573 [http-nio-8080-exec-3] INFO  c.b.d.security.jwt.JwtTokenService - [JWT] User anhnon0106@gmail.com logged in successfully
2025-06-07 13:45:10.911 [http-nio-8080-exec-4] DEBUG c.b.d.service.imp.BookingServiceImp - [Booking] Counting total bookings from 2024-05-29T17:00:00Z to 2025-06-30T17:00:00Z
2025-06-07 13:45:10.952 [http-nio-8080-exec-4] DEBUG c.b.d.service.imp.BookingServiceImp - [Booking] Total bookings from 2024-05-30 to 2025-06-30: 16
2025-06-07 13:45:10.988 [http-nio-8080-exec-4] DEBUG c.b.d.service.imp.BookingServiceImp - [Booking] Counting total bookings from 2024-05-29T17:00:00Z to 2025-06-30T17:00:00Z
2025-06-07 13:45:11.047 [http-nio-8080-exec-4] DEBUG c.b.d.service.imp.BookingServiceImp - [Booking] Total bookings from 2024-05-30 to 2025-06-30: 16
2025-06-07 13:45:11.130 [http-nio-8080-exec-4] DEBUG c.b.d.service.imp.BookingServiceImp - [Booking] Counting total bookings from 2024-04-29T17:00:00Z to 2025-05-30T17:00:00Z
2025-06-07 13:45:11.200 [http-nio-8080-exec-4] DEBUG c.b.d.service.imp.BookingServiceImp - [Booking] Total bookings from 2024-04-30 to 2025-05-30: 11
2025-06-07 13:45:11.271 [http-nio-8080-exec-4] DEBUG c.b.d.service.imp.BookingServiceImp - [Booking] Calculating total revenue from 2024-05-29T17:00:00Z to 2025-06-30T17:00:00Z
2025-06-07 13:45:11.311 [http-nio-8080-exec-4] DEBUG c.b.d.service.imp.BookingServiceImp - [Booking] Total revenue from 2024-05-30 to 2025-06-30: 4088100
2025-06-07 13:45:11.347 [http-nio-8080-exec-4] DEBUG c.b.d.service.imp.BookingServiceImp - [Booking] Calculating total revenue from 2024-05-29T17:00:00Z to 2025-06-30T17:00:00Z
2025-06-07 13:45:11.393 [http-nio-8080-exec-4] DEBUG c.b.d.service.imp.BookingServiceImp - [Booking] Total revenue from 2024-05-30 to 2025-06-30: 4088100
2025-06-07 13:45:11.428 [http-nio-8080-exec-4] DEBUG c.b.d.service.imp.BookingServiceImp - [Booking] Calculating total revenue from 2024-04-29T17:00:00Z to 2025-05-30T17:00:00Z
2025-06-07 13:45:11.465 [http-nio-8080-exec-4] DEBUG c.b.d.service.imp.BookingServiceImp - [Booking] Total revenue from 2024-04-30 to 2025-05-30: 3019700
2025-06-07 13:45:11.499 [http-nio-8080-exec-4] DEBUG c.b.d.service.imp.UserServiceImp - [User] Counting new users between 2024-05-30 and 2025-06-30 with role: ROLE_USER
2025-06-07 13:45:11.565 [http-nio-8080-exec-4] INFO  c.b.d.service.imp.UserServiceImp - [User] Total new users between 2024-05-30 and 2025-06-30 with role 'ROLE_USER': 25
2025-06-07 13:45:11.566 [http-nio-8080-exec-4] DEBUG c.b.d.service.imp.UserServiceImp - [User] Counting new users between 2024-05-30 and 2025-06-30 with role: ROLE_USER
2025-06-07 13:45:11.615 [http-nio-8080-exec-4] INFO  c.b.d.service.imp.UserServiceImp - [User] Total new users between 2024-05-30 and 2025-06-30 with role 'ROLE_USER': 25
2025-06-07 13:45:11.616 [http-nio-8080-exec-4] DEBUG c.b.d.service.imp.UserServiceImp - [User] Counting new users between 2024-04-30 and 2025-05-30 with role: ROLE_USER
2025-06-07 13:45:11.652 [http-nio-8080-exec-4] INFO  c.b.d.service.imp.UserServiceImp - [User] Total new users between 2024-04-30 and 2025-05-30 with role 'ROLE_USER': 6
2025-06-07 13:45:11.760 [http-nio-8080-exec-4] DEBUG c.b.d.service.imp.BookingServiceImp - [Booking] Counting total bookings from 2024-05-29T17:00:00Z to 2025-06-30T17:00:00Z
2025-06-07 13:45:11.806 [http-nio-8080-exec-4] DEBUG c.b.d.service.imp.BookingServiceImp - [Booking] Total bookings from 2024-05-30 to 2025-06-30: 44
2025-06-07 13:45:11.867 [http-nio-8080-exec-4] DEBUG c.b.d.service.imp.BookingServiceImp - [Booking] Counting total bookings with status ACCEPTED from 2024-05-29T17:00:00Z to 2025-06-30T17:00:00Z
2025-06-07 13:45:11.934 [http-nio-8080-exec-4] DEBUG c.b.d.service.imp.BookingServiceImp - [Booking] Total bookings with status ACCEPTED from 2024-05-30 to 2025-06-30: 18
2025-06-07 13:45:12.010 [http-nio-8080-exec-4] DEBUG c.b.d.service.imp.BookingServiceImp - [Booking] Counting total bookings with status REJECTED from 2024-05-29T17:00:00Z to 2025-06-30T17:00:00Z
2025-06-07 13:45:12.050 [http-nio-8080-exec-4] DEBUG c.b.d.service.imp.BookingServiceImp - [Booking] Total bookings with status REJECTED from 2024-05-30 to 2025-06-30: 9
2025-06-07 13:45:12.084 [http-nio-8080-exec-4] DEBUG c.b.d.service.imp.BookingServiceImp - [Booking] Counting total bookings with status FAILED from 2024-05-29T17:00:00Z to 2025-06-30T17:00:00Z
2025-06-07 13:45:12.117 [http-nio-8080-exec-4] DEBUG c.b.d.service.imp.BookingServiceImp - [Booking] Total bookings with status FAILED from 2024-05-30 to 2025-06-30: 1
2025-06-07 13:45:12.151 [http-nio-8080-exec-4] DEBUG c.b.d.service.imp.BookingServiceImp - [Booking] Counting total bookings with status SUCCESS from 2024-05-29T17:00:00Z to 2025-06-30T17:00:00Z
2025-06-07 13:45:12.187 [http-nio-8080-exec-4] DEBUG c.b.d.service.imp.BookingServiceImp - [Booking] Total bookings with status SUCCESS from 2024-05-30 to 2025-06-30: 16
2025-06-07 13:45:12.230 [http-nio-8080-exec-4] DEBUG c.b.d.service.imp.BookingServiceImp - [Booking] Counting total bookings with status PENDING from 2024-05-29T17:00:00Z to 2025-06-30T17:00:00Z
2025-06-07 13:45:12.284 [http-nio-8080-exec-4] DEBUG c.b.d.service.imp.BookingServiceImp - [Booking] Total bookings with status PENDING from 2024-05-30 to 2025-06-30: 0
2025-06-07 13:45:12.339 [http-nio-8080-exec-4] DEBUG c.b.d.service.imp.BookingServiceImp - [Booking] Calculating total revenue from 2024-05-29T17:00:00Z to 2025-06-30T17:00:00Z
2025-06-07 13:45:12.375 [http-nio-8080-exec-4] DEBUG c.b.d.service.imp.BookingServiceImp - [Booking] Total revenue from 2024-05-30 to 2025-06-30: 4088100
2025-06-07 13:45:40.117 [http-nio-8080-exec-6] DEBUG c.b.d.service.imp.BookingServiceImp - [Booking] Counting total bookings from 2024-05-07T17:00:00Z to 2025-06-07T17:00:00Z
2025-06-07 13:45:40.153 [http-nio-8080-exec-6] DEBUG c.b.d.service.imp.BookingServiceImp - [Booking] Total bookings from 2024-05-08 to 2025-06-07: 16
2025-06-07 13:45:40.188 [http-nio-8080-exec-6] DEBUG c.b.d.service.imp.BookingServiceImp - [Booking] Counting total bookings from 2024-05-07T17:00:00Z to 2025-06-07T17:00:00Z
2025-06-07 13:45:40.224 [http-nio-8080-exec-6] DEBUG c.b.d.service.imp.BookingServiceImp - [Booking] Total bookings from 2024-05-08 to 2025-06-07: 16
2025-06-07 13:45:40.257 [http-nio-8080-exec-6] DEBUG c.b.d.service.imp.BookingServiceImp - [Booking] Counting total bookings from 2024-04-07T17:00:00Z to 2025-05-07T17:00:00Z
2025-06-07 13:45:40.292 [http-nio-8080-exec-6] DEBUG c.b.d.service.imp.BookingServiceImp - [Booking] Total bookings from 2024-04-08 to 2025-05-07: 11
2025-06-07 13:45:40.326 [http-nio-8080-exec-6] DEBUG c.b.d.service.imp.BookingServiceImp - [Booking] Calculating total revenue from 2024-05-07T17:00:00Z to 2025-06-07T17:00:00Z
2025-06-07 13:45:40.364 [http-nio-8080-exec-6] DEBUG c.b.d.service.imp.BookingServiceImp - [Booking] Total revenue from 2024-05-08 to 2025-06-07: 4088100
2025-06-07 13:45:40.400 [http-nio-8080-exec-6] DEBUG c.b.d.service.imp.BookingServiceImp - [Booking] Calculating total revenue from 2024-05-07T17:00:00Z to 2025-06-07T17:00:00Z
2025-06-07 13:45:40.437 [http-nio-8080-exec-6] DEBUG c.b.d.service.imp.BookingServiceImp - [Booking] Total revenue from 2024-05-08 to 2025-06-07: 4088100
2025-06-07 13:45:40.473 [http-nio-8080-exec-6] DEBUG c.b.d.service.imp.BookingServiceImp - [Booking] Calculating total revenue from 2024-04-07T17:00:00Z to 2025-05-07T17:00:00Z
2025-06-07 13:45:40.510 [http-nio-8080-exec-6] DEBUG c.b.d.service.imp.BookingServiceImp - [Booking] Total revenue from 2024-04-08 to 2025-05-07: 3019700
2025-06-07 13:45:40.543 [http-nio-8080-exec-6] DEBUG c.b.d.service.imp.UserServiceImp - [User] Counting new users between 2024-05-08 and 2025-06-07 with role: ROLE_USER
2025-06-07 13:45:40.583 [http-nio-8080-exec-6] INFO  c.b.d.service.imp.UserServiceImp - [User] Total new users between 2024-05-08 and 2025-06-07 with role 'ROLE_USER': 25
2025-06-07 13:45:40.584 [http-nio-8080-exec-6] DEBUG c.b.d.service.imp.UserServiceImp - [User] Counting new users between 2024-05-08 and 2025-06-07 with role: ROLE_USER
2025-06-07 13:45:40.621 [http-nio-8080-exec-6] INFO  c.b.d.service.imp.UserServiceImp - [User] Total new users between 2024-05-08 and 2025-06-07 with role 'ROLE_USER': 25
2025-06-07 13:45:40.621 [http-nio-8080-exec-6] DEBUG c.b.d.service.imp.UserServiceImp - [User] Counting new users between 2024-04-08 and 2025-05-07 with role: ROLE_USER
2025-06-07 13:45:40.656 [http-nio-8080-exec-6] INFO  c.b.d.service.imp.UserServiceImp - [User] Total new users between 2024-04-08 and 2025-05-07 with role 'ROLE_USER': 0
2025-06-07 13:45:40.758 [http-nio-8080-exec-6] DEBUG c.b.d.service.imp.BookingServiceImp - [Booking] Counting total bookings from 2024-05-07T17:00:00Z to 2025-06-07T17:00:00Z
2025-06-07 13:45:40.795 [http-nio-8080-exec-6] DEBUG c.b.d.service.imp.BookingServiceImp - [Booking] Total bookings from 2024-05-08 to 2025-06-07: 43
2025-06-07 13:45:40.830 [http-nio-8080-exec-6] DEBUG c.b.d.service.imp.BookingServiceImp - [Booking] Counting total bookings with status ACCEPTED from 2024-05-07T17:00:00Z to 2025-06-07T17:00:00Z
2025-06-07 13:45:40.865 [http-nio-8080-exec-6] DEBUG c.b.d.service.imp.BookingServiceImp - [Booking] Total bookings with status ACCEPTED from 2024-05-08 to 2025-06-07: 18
2025-06-07 13:45:40.901 [http-nio-8080-exec-6] DEBUG c.b.d.service.imp.BookingServiceImp - [Booking] Counting total bookings with status REJECTED from 2024-05-07T17:00:00Z to 2025-06-07T17:00:00Z
2025-06-07 13:45:40.938 [http-nio-8080-exec-6] DEBUG c.b.d.service.imp.BookingServiceImp - [Booking] Total bookings with status REJECTED from 2024-05-08 to 2025-06-07: 9
2025-06-07 13:45:40.974 [http-nio-8080-exec-6] DEBUG c.b.d.service.imp.BookingServiceImp - [Booking] Counting total bookings with status FAILED from 2024-05-07T17:00:00Z to 2025-06-07T17:00:00Z
2025-06-07 13:45:41.009 [http-nio-8080-exec-6] DEBUG c.b.d.service.imp.BookingServiceImp - [Booking] Total bookings with status FAILED from 2024-05-08 to 2025-06-07: 0
2025-06-07 13:45:41.045 [http-nio-8080-exec-6] DEBUG c.b.d.service.imp.BookingServiceImp - [Booking] Counting total bookings with status SUCCESS from 2024-05-07T17:00:00Z to 2025-06-07T17:00:00Z
2025-06-07 13:45:41.080 [http-nio-8080-exec-6] DEBUG c.b.d.service.imp.BookingServiceImp - [Booking] Total bookings with status SUCCESS from 2024-05-08 to 2025-06-07: 16
2025-06-07 13:45:41.114 [http-nio-8080-exec-6] DEBUG c.b.d.service.imp.BookingServiceImp - [Booking] Counting total bookings with status PENDING from 2024-05-07T17:00:00Z to 2025-06-07T17:00:00Z
2025-06-07 13:45:41.150 [http-nio-8080-exec-6] DEBUG c.b.d.service.imp.BookingServiceImp - [Booking] Total bookings with status PENDING from 2024-05-08 to 2025-06-07: 0
2025-06-07 13:45:41.183 [http-nio-8080-exec-6] DEBUG c.b.d.service.imp.BookingServiceImp - [Booking] Calculating total revenue from 2024-05-07T17:00:00Z to 2025-06-07T17:00:00Z
2025-06-07 13:45:41.219 [http-nio-8080-exec-6] DEBUG c.b.d.service.imp.BookingServiceImp - [Booking] Total revenue from 2024-05-08 to 2025-06-07: 4088100
2025-06-07 13:45:41.510 [MessageBroker-1] INFO  o.s.w.s.c.WebSocketMessageBrokerStats - WebSocketSession[0 current WS(0)-HttpStream(0)-HttpPoll(0), 0 total, 0 closed abnormally (0 connect failure, 0 send limit, 0 transport error)], stompSubProtocol[processed CONNECT(0)-CONNECTED(0)-DISCONNECT(0)], stompBrokerRelay[null], inboundChannel[pool size = 0, active threads = 0, queued tasks = 0, completed tasks = 0], outboundChannel[pool size = 0, active threads = 0, queued tasks = 0, completed tasks = 0], sockJsScheduler[pool size = 1, active threads = 1, queued tasks = 0, completed tasks = 0]
2025-06-07 13:45:52.023 [http-nio-8080-exec-8] DEBUG c.b.d.service.imp.BookingServiceImp - [Booking] Counting total bookings from 2025-05-07T17:00:00Z to 2025-06-07T17:00:00Z
2025-06-07 13:45:52.059 [http-nio-8080-exec-8] DEBUG c.b.d.service.imp.BookingServiceImp - [Booking] Total bookings from 2025-05-08 to 2025-06-07: 5
2025-06-07 13:45:52.092 [http-nio-8080-exec-8] DEBUG c.b.d.service.imp.BookingServiceImp - [Booking] Counting total bookings from 2025-05-07T17:00:00Z to 2025-06-07T17:00:00Z
2025-06-07 13:45:52.125 [http-nio-8080-exec-8] DEBUG c.b.d.service.imp.BookingServiceImp - [Booking] Total bookings from 2025-05-08 to 2025-06-07: 5
2025-06-07 13:45:52.160 [http-nio-8080-exec-8] DEBUG c.b.d.service.imp.BookingServiceImp - [Booking] Counting total bookings from 2025-04-07T17:00:00Z to 2025-05-07T17:00:00Z
2025-06-07 13:45:52.195 [http-nio-8080-exec-8] DEBUG c.b.d.service.imp.BookingServiceImp - [Booking] Total bookings from 2025-04-08 to 2025-05-07: 4
2025-06-07 13:45:52.228 [http-nio-8080-exec-8] DEBUG c.b.d.service.imp.BookingServiceImp - [Booking] Calculating total revenue from 2025-05-07T17:00:00Z to 2025-06-07T17:00:00Z
2025-06-07 13:45:52.265 [http-nio-8080-exec-8] DEBUG c.b.d.service.imp.BookingServiceImp - [Booking] Total revenue from 2025-05-08 to 2025-06-07: 1068400
2025-06-07 13:45:52.298 [http-nio-8080-exec-8] DEBUG c.b.d.service.imp.BookingServiceImp - [Booking] Calculating total revenue from 2025-05-07T17:00:00Z to 2025-06-07T17:00:00Z
2025-06-07 13:45:52.331 [http-nio-8080-exec-8] DEBUG c.b.d.service.imp.BookingServiceImp - [Booking] Total revenue from 2025-05-08 to 2025-06-07: 1068400
2025-06-07 13:45:52.363 [http-nio-8080-exec-8] DEBUG c.b.d.service.imp.BookingServiceImp - [Booking] Calculating total revenue from 2025-04-07T17:00:00Z to 2025-05-07T17:00:00Z
2025-06-07 13:45:52.396 [http-nio-8080-exec-8] DEBUG c.b.d.service.imp.BookingServiceImp - [Booking] Total revenue from 2025-04-08 to 2025-05-07: 1586500
2025-06-07 13:45:52.427 [http-nio-8080-exec-8] DEBUG c.b.d.service.imp.UserServiceImp - [User] Counting new users between 2025-05-08 and 2025-06-07 with role: ROLE_USER
2025-06-07 13:45:52.460 [http-nio-8080-exec-8] INFO  c.b.d.service.imp.UserServiceImp - [User] Total new users between 2025-05-08 and 2025-06-07 with role 'ROLE_USER': 25
2025-06-07 13:45:52.461 [http-nio-8080-exec-8] DEBUG c.b.d.service.imp.UserServiceImp - [User] Counting new users between 2025-05-08 and 2025-06-07 with role: ROLE_USER
2025-06-07 13:45:52.495 [http-nio-8080-exec-8] INFO  c.b.d.service.imp.UserServiceImp - [User] Total new users between 2025-05-08 and 2025-06-07 with role 'ROLE_USER': 25
2025-06-07 13:45:52.495 [http-nio-8080-exec-8] DEBUG c.b.d.service.imp.UserServiceImp - [User] Counting new users between 2025-04-08 and 2025-05-07 with role: ROLE_USER
2025-06-07 13:45:52.529 [http-nio-8080-exec-8] INFO  c.b.d.service.imp.UserServiceImp - [User] Total new users between 2025-04-08 and 2025-05-07 with role 'ROLE_USER': 0
2025-06-07 13:45:52.633 [http-nio-8080-exec-8] DEBUG c.b.d.service.imp.BookingServiceImp - [Booking] Counting total bookings from 2025-05-07T17:00:00Z to 2025-06-07T17:00:00Z
2025-06-07 13:45:52.674 [http-nio-8080-exec-8] DEBUG c.b.d.service.imp.BookingServiceImp - [Booking] Total bookings from 2025-05-08 to 2025-06-07: 28
2025-06-07 13:45:52.710 [http-nio-8080-exec-8] DEBUG c.b.d.service.imp.BookingServiceImp - [Booking] Counting total bookings with status ACCEPTED from 2025-05-07T17:00:00Z to 2025-06-07T17:00:00Z
2025-06-07 13:45:52.746 [http-nio-8080-exec-8] DEBUG c.b.d.service.imp.BookingServiceImp - [Booking] Total bookings with status ACCEPTED from 2025-05-08 to 2025-06-07: 15
2025-06-07 13:45:52.781 [http-nio-8080-exec-8] DEBUG c.b.d.service.imp.BookingServiceImp - [Booking] Counting total bookings with status REJECTED from 2025-05-07T17:00:00Z to 2025-06-07T17:00:00Z
2025-06-07 13:45:52.815 [http-nio-8080-exec-8] DEBUG c.b.d.service.imp.BookingServiceImp - [Booking] Total bookings with status REJECTED from 2025-05-08 to 2025-06-07: 8
2025-06-07 13:45:52.849 [http-nio-8080-exec-8] DEBUG c.b.d.service.imp.BookingServiceImp - [Booking] Counting total bookings with status FAILED from 2025-05-07T17:00:00Z to 2025-06-07T17:00:00Z
2025-06-07 13:45:52.885 [http-nio-8080-exec-8] DEBUG c.b.d.service.imp.BookingServiceImp - [Booking] Total bookings with status FAILED from 2025-05-08 to 2025-06-07: 0
2025-06-07 13:45:52.919 [http-nio-8080-exec-8] DEBUG c.b.d.service.imp.BookingServiceImp - [Booking] Counting total bookings with status SUCCESS from 2025-05-07T17:00:00Z to 2025-06-07T17:00:00Z
2025-06-07 13:45:52.955 [http-nio-8080-exec-8] DEBUG c.b.d.service.imp.BookingServiceImp - [Booking] Total bookings with status SUCCESS from 2025-05-08 to 2025-06-07: 5
2025-06-07 13:45:52.990 [http-nio-8080-exec-8] DEBUG c.b.d.service.imp.BookingServiceImp - [Booking] Counting total bookings with status PENDING from 2025-05-07T17:00:00Z to 2025-06-07T17:00:00Z
2025-06-07 13:45:53.030 [http-nio-8080-exec-8] DEBUG c.b.d.service.imp.BookingServiceImp - [Booking] Total bookings with status PENDING from 2025-05-08 to 2025-06-07: 0
2025-06-07 13:45:53.064 [http-nio-8080-exec-8] DEBUG c.b.d.service.imp.BookingServiceImp - [Booking] Calculating total revenue from 2025-05-07T17:00:00Z to 2025-06-07T17:00:00Z
2025-06-07 13:45:53.100 [http-nio-8080-exec-8] DEBUG c.b.d.service.imp.BookingServiceImp - [Booking] Total revenue from 2025-05-08 to 2025-06-07: 1068400
2025-06-07 13:50:54.284 [http-nio-8080-exec-1] INFO  c.b.d.security.jwt.JwtTokenService - [JWT] Login attempt for email: user03@gmail.com
2025-06-07 13:50:54.285 [http-nio-8080-exec-1] DEBUG c.b.d.service.imp.UserServiceImp - [User] Finding user by email: user03@gmail.com
2025-06-07 13:50:54.365 [http-nio-8080-exec-1] DEBUG c.b.d.service.imp.UserServiceImp - [User] User found with ID: 4
2025-06-07 13:50:54.463 [http-nio-8080-exec-1] DEBUG c.b.d.service.imp.UserServiceImp - [User] Finding user by email: user03@gmail.com
2025-06-07 13:50:54.499 [http-nio-8080-exec-1] DEBUG c.b.d.service.imp.UserServiceImp - [User] User found with ID: 4
2025-06-07 13:50:54.499 [http-nio-8080-exec-1] DEBUG c.b.d.security.jwt.JwtTokenManager - [JWT] Creating access token for user user03@gmail.com
2025-06-07 13:50:54.500 [http-nio-8080-exec-1] DEBUG c.b.d.service.imp.UserServiceImp - [User] Finding user by email: user03@gmail.com
2025-06-07 13:50:54.535 [http-nio-8080-exec-1] DEBUG c.b.d.service.imp.UserServiceImp - [User] User found with ID: 4
2025-06-07 13:50:54.570 [http-nio-8080-exec-1] DEBUG c.b.d.security.jwt.JwtTokenManager - [JWT] Deleted existing refresh tokens for user user03@gmail.com
2025-06-07 13:50:54.604 [http-nio-8080-exec-1] DEBUG c.b.d.security.jwt.JwtTokenManager - [JWT] Created refresh token for user user03@gmail.com
2025-06-07 13:50:54.604 [http-nio-8080-exec-1] DEBUG c.b.d.service.imp.UserServiceImp - [User] Finding user by email: user03@gmail.com
2025-06-07 13:50:54.638 [http-nio-8080-exec-1] DEBUG c.b.d.service.imp.UserServiceImp - [User] User found with ID: 4
2025-06-07 13:50:54.639 [http-nio-8080-exec-1] INFO  c.b.d.security.jwt.JwtTokenService - [JWT] User user03@gmail.com logged in successfully
2025-06-07 13:51:30.058 [SpringApplicationShutdownHook] INFO  o.s.b.w.e.tomcat.GracefulShutdown - Commencing graceful shutdown. Waiting for active requests to complete
2025-06-07 13:51:30.067 [tomcat-shutdown] INFO  o.s.b.w.e.tomcat.GracefulShutdown - Graceful shutdown complete
2025-06-07 13:51:30.071 [SpringApplicationShutdownHook] INFO  o.s.m.s.b.SimpleBrokerMessageHandler - Stopping...
2025-06-07 13:51:30.071 [SpringApplicationShutdownHook] INFO  o.s.m.s.b.SimpleBrokerMessageHandler - BrokerAvailabilityEvent[available=false, SimpleBrokerMessageHandler [org.springframework.messaging.simp.broker.DefaultSubscriptionRegistry@71f9c7b]]
2025-06-07 13:51:30.071 [SpringApplicationShutdownHook] INFO  o.s.m.s.b.SimpleBrokerMessageHandler - Stopped.
2025-06-07 13:51:30.084 [SpringApplicationShutdownHook] INFO  o.s.o.j.LocalContainerEntityManagerFactoryBean - Closing JPA EntityManagerFactory for persistence unit 'default'
2025-06-07 13:51:30.088 [SpringApplicationShutdownHook] INFO  com.zaxxer.hikari.HikariDataSource - HikariPool-1 - Shutdown initiated...
2025-06-07 13:51:30.414 [SpringApplicationShutdownHook] INFO  com.zaxxer.hikari.HikariDataSource - HikariPool-1 - Shutdown completed.
2025-06-07 13:52:04.405 [main] INFO  c.b.domicare.DomicareApplication - Starting DomicareApplication using Java 17.0.15 with PID 69680 (/Users/anhnon/CODE/DomiCare_Website/DOMICARE-BACKEND/target/classes started by anhnon in /Users/anhnon/CODE/DomiCare_Website/DOMICARE-BACKEND)
2025-06-07 13:52:04.406 [main] DEBUG c.b.domicare.DomicareApplication - Running with Spring Boot v3.4.4, Spring v6.2.5
2025-06-07 13:52:04.406 [main] INFO  c.b.domicare.DomicareApplication - The following 1 profile is active: "prod"
2025-06-07 13:52:05.094 [main] INFO  o.s.d.r.c.RepositoryConfigurationDelegate - Bootstrapping Spring Data JPA repositories in DEFAULT mode.
2025-06-07 13:52:05.138 [main] INFO  o.s.d.r.c.RepositoryConfigurationDelegate - Finished Spring Data repository scanning in 38 ms. Found 9 JPA repository interfaces.
2025-06-07 13:52:05.566 [main] INFO  o.s.b.w.e.tomcat.TomcatWebServer - Tomcat initialized with port 8080 (http)
2025-06-07 13:52:05.571 [main] INFO  o.a.catalina.core.StandardService - Starting service [Tomcat]
2025-06-07 13:52:05.572 [main] INFO  o.a.catalina.core.StandardEngine - Starting Servlet engine: [Apache Tomcat/10.1.39]
2025-06-07 13:52:05.598 [main] INFO  o.a.c.c.C.[Tomcat].[localhost].[/] - Initializing Spring embedded WebApplicationContext
2025-06-07 13:52:05.598 [main] INFO  o.s.b.w.s.c.ServletWebServerApplicationContext - Root WebApplicationContext: initialization completed in 1172 ms
2025-06-07 13:52:05.785 [main] INFO  o.h.jpa.internal.util.LogHelper - HHH000204: Processing PersistenceUnitInfo [name: default]
2025-06-07 13:52:05.812 [main] INFO  org.hibernate.Version - HHH000412: Hibernate ORM core version 6.6.11.Final
2025-06-07 13:52:05.828 [main] INFO  o.h.c.i.RegionFactoryInitiator - HHH000026: Second-level cache disabled
2025-06-07 13:52:05.951 [main] INFO  o.s.o.j.p.SpringPersistenceUnitInfo - No LoadTimeWeaver setup: ignoring JPA class transformer
2025-06-07 13:52:05.965 [main] INFO  com.zaxxer.hikari.HikariDataSource - HikariPool-1 - Starting...
2025-06-07 13:52:06.885 [main] INFO  com.zaxxer.hikari.pool.HikariPool - HikariPool-1 - Added connection org.postgresql.jdbc.PgConnection@62264d4f
2025-06-07 13:52:06.887 [main] INFO  com.zaxxer.hikari.HikariDataSource - HikariPool-1 - Start completed.
2025-06-07 13:52:07.056 [main] INFO  o.hibernate.orm.connections.pooling - HHH10001005: Database info:
	Database JDBC URL [Connecting through datasource 'HikariDataSource (HikariPool-1)']
	Database driver: undefined/unknown
	Database version: 16.8
	Autocommit mode: undefined/unknown
	Isolation level: undefined/unknown
	Minimum pool size: undefined/unknown
	Maximum pool size: undefined/unknown
2025-06-07 13:52:07.558 [main] INFO  o.h.e.t.j.p.i.JtaPlatformInitiator - HHH000489: No JTA platform available (set 'hibernate.transaction.jta.platform' to enable JTA platform integration)
2025-06-07 13:52:09.631 [main] INFO  o.s.o.j.LocalContainerEntityManagerFactoryBean - Initialized JPA EntityManagerFactory for persistence unit 'default'
2025-06-07 13:52:09.855 [main] INFO  o.s.d.j.r.query.QueryEnhancerFactory - Hibernate is in classpath; If applicable, HQL parser will be used.
2025-06-07 13:52:10.577 [main] INFO  c.b.d.c.WebSocketConfiguration - Configuring message broker with topic prefix: /topic
2025-06-07 13:52:10.644 [main] INFO  o.s.s.c.a.a.c.InitializeUserDetailsBeanManagerConfigurer$InitializeUserDetailsManagerConfigurer - Global AuthenticationManager configured with UserDetailsService bean with name userDetailsService
2025-06-07 13:52:10.829 [main] DEBUG c.b.d.c.SecurityConfiguration - Configuring public endpoint security chain
2025-06-07 13:52:10.847 [main] INFO  c.b.d.c.WebSocketConfiguration - Registering STOMP endpoints at /ws
2025-06-07 13:52:10.900 [main] INFO  c.b.d.c.CorsConfiguration - CORS configuration applied for allowed origins
2025-06-07 13:52:11.070 [main] INFO  o.s.b.a.e.web.EndpointLinksResolver - Exposing 1 endpoint beneath base path '/actuator'
2025-06-07 13:52:11.113 [main] DEBUG c.b.d.c.SecurityConfiguration - Configuring main security filter chain
2025-06-07 13:52:11.503 [main] INFO  o.s.m.s.b.SimpleBrokerMessageHandler - Starting...
2025-06-07 13:52:11.504 [main] INFO  o.s.m.s.b.SimpleBrokerMessageHandler - BrokerAvailabilityEvent[available=true, SimpleBrokerMessageHandler [org.springframework.messaging.simp.broker.DefaultSubscriptionRegistry@3c63d57e]]
2025-06-07 13:52:11.504 [main] INFO  o.s.m.s.b.SimpleBrokerMessageHandler - Started.
2025-06-07 13:52:11.509 [main] INFO  o.s.b.w.e.tomcat.TomcatWebServer - Tomcat started on port 8080 (http) with context path '/'
2025-06-07 13:52:11.520 [main] INFO  c.b.domicare.DomicareApplication - Started DomicareApplication in 7.317 seconds (process running for 7.68)
2025-06-07 13:52:13.502 [RMI TCP Connection(2)-127.0.0.1] INFO  o.a.c.c.C.[Tomcat].[localhost].[/] - Initializing Spring DispatcherServlet 'dispatcherServlet'
2025-06-07 13:52:13.502 [RMI TCP Connection(2)-127.0.0.1] INFO  o.s.web.servlet.DispatcherServlet - Initializing Servlet 'dispatcherServlet'
2025-06-07 13:52:13.504 [RMI TCP Connection(2)-127.0.0.1] INFO  o.s.web.servlet.DispatcherServlet - Completed initialization in 2 ms
2025-06-07 13:52:37.442 [http-nio-8080-exec-4] INFO  c.b.d.service.imp.ProductServiceImp - [Product] Fetching products with IDs: [1]
2025-06-07 13:52:37.534 [http-nio-8080-exec-4] INFO  c.b.d.service.imp.ProductServiceImp - [Product] Products fetched successfully with count: 1
2025-06-07 13:52:37.585 [http-nio-8080-exec-4] INFO  c.b.d.service.imp.BookingServiceImp - [Booking] Booking created successfully with ID: 91
2025-06-07 13:52:37.586 [http-nio-8080-exec-4] INFO  c.b.d.service.imp.BookingServiceImp - [Booking] User with email: user03@gmail.com has been associated with booking ID: 91
2025-06-07 13:52:37.857 [http-nio-8080-exec-4] INFO  c.b.d.service.imp.BookingServiceImp - [Booking] New booking notification sent for booking ID: 91
2025-06-07 13:52:56.551 [http-nio-8080-exec-6] INFO  c.b.d.service.imp.BookingServiceImp - [Booking] Updating booking with ID: 91
2025-06-07 13:52:56.591 [http-nio-8080-exec-6] INFO  c.b.d.service.imp.ProductServiceImp - [Product] Fetching products with IDs: [12]
2025-06-07 13:52:56.657 [http-nio-8080-exec-6] INFO  c.b.d.service.imp.ProductServiceImp - [Product] Products fetched successfully with count: 1
2025-06-07 13:52:56.731 [http-nio-8080-exec-6] INFO  c.b.d.service.imp.BookingServiceImp - [Booking] Booking updated successfully with ID: 91
2025-06-07 13:52:56.731 [http-nio-8080-exec-6] INFO  c.b.d.service.imp.BookingServiceImp - [Booking] Updating booking status for ID: 91 to SUCCESS
2025-06-07 13:53:08.006 [http-nio-8080-exec-8] INFO  c.b.d.service.imp.BookingServiceImp - [Booking] Updating booking with ID: 91
2025-06-07 13:53:08.045 [http-nio-8080-exec-8] INFO  c.b.d.service.imp.ProductServiceImp - [Product] Fetching products with IDs: [12]
2025-06-07 13:53:08.130 [http-nio-8080-exec-8] INFO  c.b.d.service.imp.ProductServiceImp - [Product] Products fetched successfully with count: 1
2025-06-07 13:53:08.229 [http-nio-8080-exec-8] INFO  c.b.d.service.imp.BookingServiceImp - [Booking] Booking updated successfully with ID: 91
2025-06-07 13:53:08.231 [http-nio-8080-exec-8] INFO  c.b.d.service.imp.BookingServiceImp - [Booking] Updating booking status for ID: 91 to CANCEL
2025-06-07 13:53:11.497 [MessageBroker-1] INFO  o.s.w.s.c.WebSocketMessageBrokerStats - WebSocketSession[0 current WS(0)-HttpStream(0)-HttpPoll(0), 0 total, 0 closed abnormally (0 connect failure, 0 send limit, 0 transport error)], stompSubProtocol[processed CONNECT(0)-CONNECTED(0)-DISCONNECT(0)], stompBrokerRelay[null], inboundChannel[pool size = 0, active threads = 0, queued tasks = 0, completed tasks = 0], outboundChannel[pool size = 0, active threads = 0, queued tasks = 0, completed tasks = 0], sockJsScheduler[pool size = 1, active threads = 1, queued tasks = 0, completed tasks = 0]
2025-06-07 13:53:12.707 [http-nio-8080-exec-10] INFO  c.b.d.service.imp.BookingServiceImp - [Booking] Updating booking with ID: 91
2025-06-07 13:53:12.743 [http-nio-8080-exec-10] INFO  c.b.d.service.imp.ProductServiceImp - [Product] Fetching products with IDs: [12]
2025-06-07 13:53:12.816 [http-nio-8080-exec-10] INFO  c.b.d.service.imp.ProductServiceImp - [Product] Products fetched successfully with count: 1
2025-06-07 13:53:12.891 [http-nio-8080-exec-10] INFO  c.b.d.service.imp.BookingServiceImp - [Booking] Booking updated successfully with ID: 91
2025-06-07 13:53:12.891 [http-nio-8080-exec-10] INFO  c.b.d.service.imp.BookingServiceImp - [Booking] Updating booking status for ID: 91 to CANCELED
2025-06-07 13:53:16.630 [http-nio-8080-exec-1] INFO  c.b.d.service.imp.BookingServiceImp - [Booking] Updating booking with ID: 91
2025-06-07 13:53:16.665 [http-nio-8080-exec-1] INFO  c.b.d.service.imp.ProductServiceImp - [Product] Fetching products with IDs: [12]
2025-06-07 13:53:16.741 [http-nio-8080-exec-1] INFO  c.b.d.service.imp.ProductServiceImp - [Product] Products fetched successfully with count: 1
2025-06-07 13:53:16.810 [http-nio-8080-exec-1] INFO  c.b.d.service.imp.BookingServiceImp - [Booking] Booking updated successfully with ID: 91
2025-06-07 13:53:16.811 [http-nio-8080-exec-1] INFO  c.b.d.service.imp.BookingServiceImp - [Booking] Updating booking status for ID: 91 to CANCELLED
2025-06-07 13:53:17.031 [http-nio-8080-exec-1] INFO  c.b.d.service.imp.BookingServiceImp - [Booking] Booking with ID: 91 has been cancelled
2025-06-07 13:53:17.243 [http-nio-8080-exec-1] INFO  c.b.d.service.imp.BookingServiceImp - [Booking] Booking status updated successfully for ID: 91
2025-06-07 13:53:17.244 [http-nio-8080-exec-1] INFO  c.b.d.service.imp.BookingServiceImp - [Booking] Booking update notification sent for booking ID: 91
2025-06-07 13:53:32.608 [SpringApplicationShutdownHook] INFO  o.s.b.w.e.tomcat.GracefulShutdown - Commencing graceful shutdown. Waiting for active requests to complete
2025-06-07 13:53:32.652 [tomcat-shutdown] INFO  o.s.b.w.e.tomcat.GracefulShutdown - Graceful shutdown complete
2025-06-07 13:53:32.664 [SpringApplicationShutdownHook] INFO  o.s.m.s.b.SimpleBrokerMessageHandler - Stopping...
2025-06-07 13:53:32.665 [SpringApplicationShutdownHook] INFO  o.s.m.s.b.SimpleBrokerMessageHandler - BrokerAvailabilityEvent[available=false, SimpleBrokerMessageHandler [org.springframework.messaging.simp.broker.DefaultSubscriptionRegistry@3c63d57e]]
2025-06-07 13:53:32.665 [SpringApplicationShutdownHook] INFO  o.s.m.s.b.SimpleBrokerMessageHandler - Stopped.
2025-06-07 13:53:32.674 [SpringApplicationShutdownHook] INFO  o.s.o.j.LocalContainerEntityManagerFactoryBean - Closing JPA EntityManagerFactory for persistence unit 'default'
2025-06-07 13:53:32.678 [SpringApplicationShutdownHook] INFO  com.zaxxer.hikari.HikariDataSource - HikariPool-1 - Shutdown initiated...
2025-06-07 13:53:33.034 [SpringApplicationShutdownHook] INFO  com.zaxxer.hikari.HikariDataSource - HikariPool-1 - Shutdown completed.
